# ******************************************************
# PLUTO 4.2 Grid File
# Generated on  Wed Jul  8 10:49:43 2026
# 
# DIMENSIONS: 2
# GEOMETRY:   SPHERICAL
# X1: [ 1.000000,  500.000000], 40 point(s), 3 ghosts
# X2: [ 0.014000,  3.127593], 40 point(s), 3 ghosts
# ******************************************************
40 
 1   1.000000000000e+00    1.168084470542e+00
 2   1.168084470542e+00    1.364421330321e+00
 3   1.364421330321e+00    1.593759367225e+00
 4   1.593759367225e+00    1.861645566636e+00
 5   1.861645566636e+00    2.174559276041e+00
 6   2.174559276041e+00    2.540068920617e+00
 7   2.540068920617e+00    2.967015060279e+00
 8   2.967015060279e+00    3.465724215776e+00
 9   3.465724215776e+00    4.048258635629e+00
 10   4.048258635629e+00    4.728708045016e+00
 11   4.728708045016e+00    5.523530433110e+00
 12   5.523530433110e+00    6.451950121482e+00
 13   6.451950121482e+00    7.536422741615e+00
 14   7.536422741615e+00    8.803178367920e+00
 15   8.803178367920e+00    1.028285594298e+01
 16   1.028285594298e+01    1.201124433981e+01
 17   1.201124433981e+01    1.403014798522e+01
 18   1.403014798522e+01    1.638839798095e+01
 19   1.638839798095e+01    1.914303317860e+01
 20   1.914303317860e+01    2.236067977500e+01
 21   2.236067977500e+01    2.611916279594e+01
 22   2.611916279594e+01    3.050938844549e+01
 23   3.050938844549e+01    3.563754284892e+01
 24   3.563754284892e+01    4.162766037009e+01
 25   4.162766037009e+01    4.862462362330e+01
 26   4.862462362330e+01    5.679766774033e+01
 27   5.679766774033e+01    6.634447365049e+01
 28   6.634447365049e+01    7.749594937742e+01
 29   7.749594937742e+01    9.052181499767e+01
 30   9.052181499767e+01    1.057371263441e+02
 31   1.057371263441e+02    1.235098952422e+02
 32   1.235098952422e+02    1.442699905907e+02
 33   1.442699905907e+02    1.685195355743e+02
 34   1.685195355743e+02    1.968450524873e+02
 35   1.968450524873e+02    2.299316489134e+02
 36   2.299316489134e+02    2.685795883818e+02
 37   2.685795883818e+02    3.137236462934e+02
 38   3.137236462934e+02    3.664557192771e+02
 39   3.664557192771e+02    4.280512348289e+02
 40   4.280512348289e+02    5.000000000000e+02
40 
 1   1.400000000000e-02    9.183981634000e-02
 2   9.183981634000e-02    1.696796326800e-01
 3   1.696796326800e-01    2.475194490200e-01
 4   2.475194490200e-01    3.253592653600e-01
 5   3.253592653600e-01    4.031990817000e-01
 6   4.031990817000e-01    4.810388980400e-01
 7   4.810388980400e-01    5.588787143800e-01
 8   5.588787143800e-01    6.367185307200e-01
 9   6.367185307200e-01    7.145583470600e-01
 10   7.145583470600e-01    7.923981634000e-01
 11   7.923981634000e-01    8.702379797400e-01
 12   8.702379797400e-01    9.480777960800e-01
 13   9.480777960800e-01    1.025917612420e+00
 14   1.025917612420e+00    1.103757428760e+00
 15   1.103757428760e+00    1.181597245100e+00
 16   1.181597245100e+00    1.259437061440e+00
 17   1.259437061440e+00    1.337276877780e+00
 18   1.337276877780e+00    1.415116694120e+00
 19   1.415116694120e+00    1.492956510460e+00
 20   1.492956510460e+00    1.570796326800e+00
 21   1.570796326800e+00    1.648636143140e+00
 22   1.648636143140e+00    1.726475959480e+00
 23   1.726475959480e+00    1.804315775820e+00
 24   1.804315775820e+00    1.882155592160e+00
 25   1.882155592160e+00    1.959995408500e+00
 26   1.959995408500e+00    2.037835224840e+00
 27   2.037835224840e+00    2.115675041180e+00
 28   2.115675041180e+00    2.193514857520e+00
 29   2.193514857520e+00    2.271354673860e+00
 30   2.271354673860e+00    2.349194490200e+00
 31   2.349194490200e+00    2.427034306540e+00
 32   2.427034306540e+00    2.504874122880e+00
 33   2.504874122880e+00    2.582713939220e+00
 34   2.582713939220e+00    2.660553755560e+00
 35   2.660553755560e+00    2.738393571900e+00
 36   2.738393571900e+00    2.816233388240e+00
 37   2.816233388240e+00    2.894073204580e+00
 38   2.894073204580e+00    2.971913020920e+00
 39   2.971913020920e+00    3.049752837260e+00
 40   3.049752837260e+00    3.127592653600e+00
1 
 1   0.000000000000e+00    6.283185307000e+00
