# ******************************************************
# PLUTO 4.4-patch3 (Sep 2024) Grid File
# Generated on  Thu Jun  4 17:12:46 2026
# 
# DIMENSIONS: 2
# GEOMETRY:   SPHERICAL
# X1: [ 1.000000,  200.000000], 528 point(s), 3 ghosts
# X2: [ 0.008000,  3.133593], 528 point(s), 3 ghosts
# ******************************************************
528 
 1   1.000000000000e+00    1.032712419896e+00
 2   1.032712419896e+00    1.066494942208e+00
 3   1.066494942208e+00    1.101382572575e+00
 4   1.101382572575e+00    1.137411461756e+00
 5   1.137411461756e+00    1.174618943088e+00
 6   1.174618943088e+00    1.213043571173e+00
 7   1.213043571173e+00    1.252725161826e+00
 8   1.252725161826e+00    1.293704833334e+00
 9   1.293704833334e+00    1.336025049064e+00
 10   1.336025049064e+00    1.379729661461e+00
 11   1.379729661461e+00    1.424863957491e+00
 12   1.424863957491e+00    1.471474705563e+00
 13   1.471474705563e+00    1.519610203999e+00
 14   1.519610203999e+00    1.569320331071e+00
 15   1.569320331071e+00    1.620656596693e+00
 16   1.620656596693e+00    1.673672195792e+00
 17   1.673672195792e+00    1.728422063429e+00
 18   1.728422063429e+00    1.784962931727e+00
 19   1.784962931727e+00    1.843353388649e+00
 20   1.843353388649e+00    1.903653938716e+00
 21   1.903653938716e+00    1.965927065697e+00
 22   1.965927065697e+00    2.030237297356e+00
 23   2.030237297356e+00    2.096651272316e+00
 24   2.096651272316e+00    2.165237809112e+00
 25   2.165237809112e+00    2.236067977500e+00
 26   2.236067977500e+00    2.309215172097e+00
 27   2.309215172097e+00    2.384755188438e+00
 28   2.384755188438e+00    2.462766301512e+00
 29   2.462766301512e+00    2.543329346874e+00
 30   2.543329346874e+00    2.626527804404e+00
 31   2.626527804404e+00    2.712447884811e+00
 32   2.712447884811e+00    2.801178618966e+00
 33   2.801178618966e+00    2.892811950155e+00
 34   2.892811950155e+00    2.987442829350e+00
 35   2.987442829350e+00    3.085169313600e+00
 36   3.085169313600e+00    3.186092667638e+00
 37   3.186092667638e+00    3.290317468811e+00
 38   3.290317468811e+00    3.397951715443e+00
 39   3.397951715443e+00    3.509106938747e+00
 40   3.509106938747e+00    3.623898318388e+00
 41   3.623898318388e+00    3.742444801842e+00
 42   3.742444801842e+00    3.864869227639e+00
 43   3.864869227639e+00    3.991298452658e+00
 44   3.991298452658e+00    4.121863483573e+00
 45   4.121863483573e+00    4.256699612604e+00
 46   4.256699612604e+00    4.395946557704e+00
 47   4.395946557704e+00    4.539748607342e+00
 48   4.539748607342e+00    4.688254770010e+00
 49   4.688254770010e+00    4.841618928628e+00
 50   4.841618928628e+00    5.000000000000e+00
 51   5.000000000000e+00    5.407949790795e+00
 52   5.407949790795e+00    5.815899581590e+00
 53   5.815899581590e+00    6.223849372385e+00
 54   6.223849372385e+00    6.631799163180e+00
 55   6.631799163180e+00    7.039748953975e+00
 56   7.039748953975e+00    7.447698744770e+00
 57   7.447698744770e+00    7.855648535565e+00
 58   7.855648535565e+00    8.263598326360e+00
 59   8.263598326360e+00    8.671548117155e+00
 60   8.671548117155e+00    9.079497907950e+00
 61   9.079497907950e+00    9.487447698745e+00
 62   9.487447698745e+00    9.895397489540e+00
 63   9.895397489540e+00    1.030334728033e+01
 64   1.030334728033e+01    1.071129707113e+01
 65   1.071129707113e+01    1.111924686192e+01
 66   1.111924686192e+01    1.152719665272e+01
 67   1.152719665272e+01    1.193514644351e+01
 68   1.193514644351e+01    1.234309623431e+01
 69   1.234309623431e+01    1.275104602510e+01
 70   1.275104602510e+01    1.315899581590e+01
 71   1.315899581590e+01    1.356694560669e+01
 72   1.356694560669e+01    1.397489539749e+01
 73   1.397489539749e+01    1.438284518828e+01
 74   1.438284518828e+01    1.479079497908e+01
 75   1.479079497908e+01    1.519874476987e+01
 76   1.519874476987e+01    1.560669456067e+01
 77   1.560669456067e+01    1.601464435146e+01
 78   1.601464435146e+01    1.642259414226e+01
 79   1.642259414226e+01    1.683054393305e+01
 80   1.683054393305e+01    1.723849372385e+01
 81   1.723849372385e+01    1.764644351464e+01
 82   1.764644351464e+01    1.805439330544e+01
 83   1.805439330544e+01    1.846234309623e+01
 84   1.846234309623e+01    1.887029288703e+01
 85   1.887029288703e+01    1.927824267782e+01
 86   1.927824267782e+01    1.968619246862e+01
 87   1.968619246862e+01    2.009414225941e+01
 88   2.009414225941e+01    2.050209205021e+01
 89   2.050209205021e+01    2.091004184100e+01
 90   2.091004184100e+01    2.131799163180e+01
 91   2.131799163180e+01    2.172594142259e+01
 92   2.172594142259e+01    2.213389121339e+01
 93   2.213389121339e+01    2.254184100418e+01
 94   2.254184100418e+01    2.294979079498e+01
 95   2.294979079498e+01    2.335774058577e+01
 96   2.335774058577e+01    2.376569037657e+01
 97   2.376569037657e+01    2.417364016736e+01
 98   2.417364016736e+01    2.458158995816e+01
 99   2.458158995816e+01    2.498953974895e+01
 100   2.498953974895e+01    2.539748953975e+01
 101   2.539748953975e+01    2.580543933054e+01
 102   2.580543933054e+01    2.621338912134e+01
 103   2.621338912134e+01    2.662133891213e+01
 104   2.662133891213e+01    2.702928870293e+01
 105   2.702928870293e+01    2.743723849372e+01
 106   2.743723849372e+01    2.784518828452e+01
 107   2.784518828452e+01    2.825313807531e+01
 108   2.825313807531e+01    2.866108786611e+01
 109   2.866108786611e+01    2.906903765690e+01
 110   2.906903765690e+01    2.947698744770e+01
 111   2.947698744770e+01    2.988493723849e+01
 112   2.988493723849e+01    3.029288702929e+01
 113   3.029288702929e+01    3.070083682008e+01
 114   3.070083682008e+01    3.110878661088e+01
 115   3.110878661088e+01    3.151673640167e+01
 116   3.151673640167e+01    3.192468619247e+01
 117   3.192468619247e+01    3.233263598326e+01
 118   3.233263598326e+01    3.274058577406e+01
 119   3.274058577406e+01    3.314853556485e+01
 120   3.314853556485e+01    3.355648535565e+01
 121   3.355648535565e+01    3.396443514644e+01
 122   3.396443514644e+01    3.437238493724e+01
 123   3.437238493724e+01    3.478033472803e+01
 124   3.478033472803e+01    3.518828451883e+01
 125   3.518828451883e+01    3.559623430962e+01
 126   3.559623430962e+01    3.600418410042e+01
 127   3.600418410042e+01    3.641213389121e+01
 128   3.641213389121e+01    3.682008368201e+01
 129   3.682008368201e+01    3.722803347280e+01
 130   3.722803347280e+01    3.763598326360e+01
 131   3.763598326360e+01    3.804393305439e+01
 132   3.804393305439e+01    3.845188284519e+01
 133   3.845188284519e+01    3.885983263598e+01
 134   3.885983263598e+01    3.926778242678e+01
 135   3.926778242678e+01    3.967573221757e+01
 136   3.967573221757e+01    4.008368200837e+01
 137   4.008368200837e+01    4.049163179916e+01
 138   4.049163179916e+01    4.089958158996e+01
 139   4.089958158996e+01    4.130753138075e+01
 140   4.130753138075e+01    4.171548117155e+01
 141   4.171548117155e+01    4.212343096234e+01
 142   4.212343096234e+01    4.253138075314e+01
 143   4.253138075314e+01    4.293933054393e+01
 144   4.293933054393e+01    4.334728033473e+01
 145   4.334728033473e+01    4.375523012552e+01
 146   4.375523012552e+01    4.416317991632e+01
 147   4.416317991632e+01    4.457112970711e+01
 148   4.457112970711e+01    4.497907949791e+01
 149   4.497907949791e+01    4.538702928870e+01
 150   4.538702928870e+01    4.579497907950e+01
 151   4.579497907950e+01    4.620292887029e+01
 152   4.620292887029e+01    4.661087866109e+01
 153   4.661087866109e+01    4.701882845188e+01
 154   4.701882845188e+01    4.742677824268e+01
 155   4.742677824268e+01    4.783472803347e+01
 156   4.783472803347e+01    4.824267782427e+01
 157   4.824267782427e+01    4.865062761506e+01
 158   4.865062761506e+01    4.905857740586e+01
 159   4.905857740586e+01    4.946652719665e+01
 160   4.946652719665e+01    4.987447698745e+01
 161   4.987447698745e+01    5.028242677824e+01
 162   5.028242677824e+01    5.069037656904e+01
 163   5.069037656904e+01    5.109832635983e+01
 164   5.109832635983e+01    5.150627615063e+01
 165   5.150627615063e+01    5.191422594142e+01
 166   5.191422594142e+01    5.232217573222e+01
 167   5.232217573222e+01    5.273012552301e+01
 168   5.273012552301e+01    5.313807531381e+01
 169   5.313807531381e+01    5.354602510460e+01
 170   5.354602510460e+01    5.395397489540e+01
 171   5.395397489540e+01    5.436192468619e+01
 172   5.436192468619e+01    5.476987447699e+01
 173   5.476987447699e+01    5.517782426778e+01
 174   5.517782426778e+01    5.558577405858e+01
 175   5.558577405858e+01    5.599372384937e+01
 176   5.599372384937e+01    5.640167364017e+01
 177   5.640167364017e+01    5.680962343096e+01
 178   5.680962343096e+01    5.721757322176e+01
 179   5.721757322176e+01    5.762552301255e+01
 180   5.762552301255e+01    5.803347280335e+01
 181   5.803347280335e+01    5.844142259414e+01
 182   5.844142259414e+01    5.884937238494e+01
 183   5.884937238494e+01    5.925732217573e+01
 184   5.925732217573e+01    5.966527196653e+01
 185   5.966527196653e+01    6.007322175732e+01
 186   6.007322175732e+01    6.048117154812e+01
 187   6.048117154812e+01    6.088912133891e+01
 188   6.088912133891e+01    6.129707112971e+01
 189   6.129707112971e+01    6.170502092050e+01
 190   6.170502092050e+01    6.211297071130e+01
 191   6.211297071130e+01    6.252092050209e+01
 192   6.252092050209e+01    6.292887029289e+01
 193   6.292887029289e+01    6.333682008368e+01
 194   6.333682008368e+01    6.374476987448e+01
 195   6.374476987448e+01    6.415271966527e+01
 196   6.415271966527e+01    6.456066945607e+01
 197   6.456066945607e+01    6.496861924686e+01
 198   6.496861924686e+01    6.537656903766e+01
 199   6.537656903766e+01    6.578451882845e+01
 200   6.578451882845e+01    6.619246861925e+01
 201   6.619246861925e+01    6.660041841004e+01
 202   6.660041841004e+01    6.700836820084e+01
 203   6.700836820084e+01    6.741631799163e+01
 204   6.741631799163e+01    6.782426778243e+01
 205   6.782426778243e+01    6.823221757322e+01
 206   6.823221757322e+01    6.864016736402e+01
 207   6.864016736402e+01    6.904811715481e+01
 208   6.904811715481e+01    6.945606694561e+01
 209   6.945606694561e+01    6.986401673640e+01
 210   6.986401673640e+01    7.027196652720e+01
 211   7.027196652720e+01    7.067991631799e+01
 212   7.067991631799e+01    7.108786610879e+01
 213   7.108786610879e+01    7.149581589958e+01
 214   7.149581589958e+01    7.190376569038e+01
 215   7.190376569038e+01    7.231171548117e+01
 216   7.231171548117e+01    7.271966527197e+01
 217   7.271966527197e+01    7.312761506276e+01
 218   7.312761506276e+01    7.353556485356e+01
 219   7.353556485356e+01    7.394351464435e+01
 220   7.394351464435e+01    7.435146443515e+01
 221   7.435146443515e+01    7.475941422594e+01
 222   7.475941422594e+01    7.516736401674e+01
 223   7.516736401674e+01    7.557531380753e+01
 224   7.557531380753e+01    7.598326359833e+01
 225   7.598326359833e+01    7.639121338912e+01
 226   7.639121338912e+01    7.679916317992e+01
 227   7.679916317992e+01    7.720711297071e+01
 228   7.720711297071e+01    7.761506276151e+01
 229   7.761506276151e+01    7.802301255230e+01
 230   7.802301255230e+01    7.843096234310e+01
 231   7.843096234310e+01    7.883891213389e+01
 232   7.883891213389e+01    7.924686192469e+01
 233   7.924686192469e+01    7.965481171548e+01
 234   7.965481171548e+01    8.006276150628e+01
 235   8.006276150628e+01    8.047071129707e+01
 236   8.047071129707e+01    8.087866108787e+01
 237   8.087866108787e+01    8.128661087866e+01
 238   8.128661087866e+01    8.169456066946e+01
 239   8.169456066946e+01    8.210251046025e+01
 240   8.210251046025e+01    8.251046025105e+01
 241   8.251046025105e+01    8.291841004184e+01
 242   8.291841004184e+01    8.332635983264e+01
 243   8.332635983264e+01    8.373430962343e+01
 244   8.373430962343e+01    8.414225941423e+01
 245   8.414225941423e+01    8.455020920502e+01
 246   8.455020920502e+01    8.495815899582e+01
 247   8.495815899582e+01    8.536610878661e+01
 248   8.536610878661e+01    8.577405857741e+01
 249   8.577405857741e+01    8.618200836820e+01
 250   8.618200836820e+01    8.658995815900e+01
 251   8.658995815900e+01    8.699790794979e+01
 252   8.699790794979e+01    8.740585774059e+01
 253   8.740585774059e+01    8.781380753138e+01
 254   8.781380753138e+01    8.822175732218e+01
 255   8.822175732218e+01    8.862970711297e+01
 256   8.862970711297e+01    8.903765690377e+01
 257   8.903765690377e+01    8.944560669456e+01
 258   8.944560669456e+01    8.985355648536e+01
 259   8.985355648536e+01    9.026150627615e+01
 260   9.026150627615e+01    9.066945606695e+01
 261   9.066945606695e+01    9.107740585774e+01
 262   9.107740585774e+01    9.148535564854e+01
 263   9.148535564854e+01    9.189330543933e+01
 264   9.189330543933e+01    9.230125523013e+01
 265   9.230125523013e+01    9.270920502092e+01
 266   9.270920502092e+01    9.311715481172e+01
 267   9.311715481172e+01    9.352510460251e+01
 268   9.352510460251e+01    9.393305439331e+01
 269   9.393305439331e+01    9.434100418410e+01
 270   9.434100418410e+01    9.474895397490e+01
 271   9.474895397490e+01    9.515690376569e+01
 272   9.515690376569e+01    9.556485355649e+01
 273   9.556485355649e+01    9.597280334728e+01
 274   9.597280334728e+01    9.638075313808e+01
 275   9.638075313808e+01    9.678870292887e+01
 276   9.678870292887e+01    9.719665271967e+01
 277   9.719665271967e+01    9.760460251046e+01
 278   9.760460251046e+01    9.801255230126e+01
 279   9.801255230126e+01    9.842050209205e+01
 280   9.842050209205e+01    9.882845188285e+01
 281   9.882845188285e+01    9.923640167364e+01
 282   9.923640167364e+01    9.964435146444e+01
 283   9.964435146444e+01    1.000523012552e+02
 284   1.000523012552e+02    1.004602510460e+02
 285   1.004602510460e+02    1.008682008368e+02
 286   1.008682008368e+02    1.012761506276e+02
 287   1.012761506276e+02    1.016841004184e+02
 288   1.016841004184e+02    1.020920502092e+02
 289   1.020920502092e+02    1.025000000000e+02
 290   1.025000000000e+02    1.029079497908e+02
 291   1.029079497908e+02    1.033158995816e+02
 292   1.033158995816e+02    1.037238493724e+02
 293   1.037238493724e+02    1.041317991632e+02
 294   1.041317991632e+02    1.045397489540e+02
 295   1.045397489540e+02    1.049476987448e+02
 296   1.049476987448e+02    1.053556485356e+02
 297   1.053556485356e+02    1.057635983264e+02
 298   1.057635983264e+02    1.061715481172e+02
 299   1.061715481172e+02    1.065794979079e+02
 300   1.065794979079e+02    1.069874476987e+02
 301   1.069874476987e+02    1.073953974895e+02
 302   1.073953974895e+02    1.078033472803e+02
 303   1.078033472803e+02    1.082112970711e+02
 304   1.082112970711e+02    1.086192468619e+02
 305   1.086192468619e+02    1.090271966527e+02
 306   1.090271966527e+02    1.094351464435e+02
 307   1.094351464435e+02    1.098430962343e+02
 308   1.098430962343e+02    1.102510460251e+02
 309   1.102510460251e+02    1.106589958159e+02
 310   1.106589958159e+02    1.110669456067e+02
 311   1.110669456067e+02    1.114748953975e+02
 312   1.114748953975e+02    1.118828451883e+02
 313   1.118828451883e+02    1.122907949791e+02
 314   1.122907949791e+02    1.126987447699e+02
 315   1.126987447699e+02    1.131066945607e+02
 316   1.131066945607e+02    1.135146443515e+02
 317   1.135146443515e+02    1.139225941423e+02
 318   1.139225941423e+02    1.143305439331e+02
 319   1.143305439331e+02    1.147384937238e+02
 320   1.147384937238e+02    1.151464435146e+02
 321   1.151464435146e+02    1.155543933054e+02
 322   1.155543933054e+02    1.159623430962e+02
 323   1.159623430962e+02    1.163702928870e+02
 324   1.163702928870e+02    1.167782426778e+02
 325   1.167782426778e+02    1.171861924686e+02
 326   1.171861924686e+02    1.175941422594e+02
 327   1.175941422594e+02    1.180020920502e+02
 328   1.180020920502e+02    1.184100418410e+02
 329   1.184100418410e+02    1.188179916318e+02
 330   1.188179916318e+02    1.192259414226e+02
 331   1.192259414226e+02    1.196338912134e+02
 332   1.196338912134e+02    1.200418410042e+02
 333   1.200418410042e+02    1.204497907950e+02
 334   1.204497907950e+02    1.208577405858e+02
 335   1.208577405858e+02    1.212656903766e+02
 336   1.212656903766e+02    1.216736401674e+02
 337   1.216736401674e+02    1.220815899582e+02
 338   1.220815899582e+02    1.224895397490e+02
 339   1.224895397490e+02    1.228974895397e+02
 340   1.228974895397e+02    1.233054393305e+02
 341   1.233054393305e+02    1.237133891213e+02
 342   1.237133891213e+02    1.241213389121e+02
 343   1.241213389121e+02    1.245292887029e+02
 344   1.245292887029e+02    1.249372384937e+02
 345   1.249372384937e+02    1.253451882845e+02
 346   1.253451882845e+02    1.257531380753e+02
 347   1.257531380753e+02    1.261610878661e+02
 348   1.261610878661e+02    1.265690376569e+02
 349   1.265690376569e+02    1.269769874477e+02
 350   1.269769874477e+02    1.273849372385e+02
 351   1.273849372385e+02    1.277928870293e+02
 352   1.277928870293e+02    1.282008368201e+02
 353   1.282008368201e+02    1.286087866109e+02
 354   1.286087866109e+02    1.290167364017e+02
 355   1.290167364017e+02    1.294246861925e+02
 356   1.294246861925e+02    1.298326359833e+02
 357   1.298326359833e+02    1.302405857741e+02
 358   1.302405857741e+02    1.306485355649e+02
 359   1.306485355649e+02    1.310564853556e+02
 360   1.310564853556e+02    1.314644351464e+02
 361   1.314644351464e+02    1.318723849372e+02
 362   1.318723849372e+02    1.322803347280e+02
 363   1.322803347280e+02    1.326882845188e+02
 364   1.326882845188e+02    1.330962343096e+02
 365   1.330962343096e+02    1.335041841004e+02
 366   1.335041841004e+02    1.339121338912e+02
 367   1.339121338912e+02    1.343200836820e+02
 368   1.343200836820e+02    1.347280334728e+02
 369   1.347280334728e+02    1.351359832636e+02
 370   1.351359832636e+02    1.355439330544e+02
 371   1.355439330544e+02    1.359518828452e+02
 372   1.359518828452e+02    1.363598326360e+02
 373   1.363598326360e+02    1.367677824268e+02
 374   1.367677824268e+02    1.371757322176e+02
 375   1.371757322176e+02    1.375836820084e+02
 376   1.375836820084e+02    1.379916317992e+02
 377   1.379916317992e+02    1.383995815900e+02
 378   1.383995815900e+02    1.388075313808e+02
 379   1.388075313808e+02    1.392154811715e+02
 380   1.392154811715e+02    1.396234309623e+02
 381   1.396234309623e+02    1.400313807531e+02
 382   1.400313807531e+02    1.404393305439e+02
 383   1.404393305439e+02    1.408472803347e+02
 384   1.408472803347e+02    1.412552301255e+02
 385   1.412552301255e+02    1.416631799163e+02
 386   1.416631799163e+02    1.420711297071e+02
 387   1.420711297071e+02    1.424790794979e+02
 388   1.424790794979e+02    1.428870292887e+02
 389   1.428870292887e+02    1.432949790795e+02
 390   1.432949790795e+02    1.437029288703e+02
 391   1.437029288703e+02    1.441108786611e+02
 392   1.441108786611e+02    1.445188284519e+02
 393   1.445188284519e+02    1.449267782427e+02
 394   1.449267782427e+02    1.453347280335e+02
 395   1.453347280335e+02    1.457426778243e+02
 396   1.457426778243e+02    1.461506276151e+02
 397   1.461506276151e+02    1.465585774059e+02
 398   1.465585774059e+02    1.469665271967e+02
 399   1.469665271967e+02    1.473744769874e+02
 400   1.473744769874e+02    1.477824267782e+02
 401   1.477824267782e+02    1.481903765690e+02
 402   1.481903765690e+02    1.485983263598e+02
 403   1.485983263598e+02    1.490062761506e+02
 404   1.490062761506e+02    1.494142259414e+02
 405   1.494142259414e+02    1.498221757322e+02
 406   1.498221757322e+02    1.502301255230e+02
 407   1.502301255230e+02    1.506380753138e+02
 408   1.506380753138e+02    1.510460251046e+02
 409   1.510460251046e+02    1.514539748954e+02
 410   1.514539748954e+02    1.518619246862e+02
 411   1.518619246862e+02    1.522698744770e+02
 412   1.522698744770e+02    1.526778242678e+02
 413   1.526778242678e+02    1.530857740586e+02
 414   1.530857740586e+02    1.534937238494e+02
 415   1.534937238494e+02    1.539016736402e+02
 416   1.539016736402e+02    1.543096234310e+02
 417   1.543096234310e+02    1.547175732218e+02
 418   1.547175732218e+02    1.551255230126e+02
 419   1.551255230126e+02    1.555334728033e+02
 420   1.555334728033e+02    1.559414225941e+02
 421   1.559414225941e+02    1.563493723849e+02
 422   1.563493723849e+02    1.567573221757e+02
 423   1.567573221757e+02    1.571652719665e+02
 424   1.571652719665e+02    1.575732217573e+02
 425   1.575732217573e+02    1.579811715481e+02
 426   1.579811715481e+02    1.583891213389e+02
 427   1.583891213389e+02    1.587970711297e+02
 428   1.587970711297e+02    1.592050209205e+02
 429   1.592050209205e+02    1.596129707113e+02
 430   1.596129707113e+02    1.600209205021e+02
 431   1.600209205021e+02    1.604288702929e+02
 432   1.604288702929e+02    1.608368200837e+02
 433   1.608368200837e+02    1.612447698745e+02
 434   1.612447698745e+02    1.616527196653e+02
 435   1.616527196653e+02    1.620606694561e+02
 436   1.620606694561e+02    1.624686192469e+02
 437   1.624686192469e+02    1.628765690377e+02
 438   1.628765690377e+02    1.632845188285e+02
 439   1.632845188285e+02    1.636924686192e+02
 440   1.636924686192e+02    1.641004184100e+02
 441   1.641004184100e+02    1.645083682008e+02
 442   1.645083682008e+02    1.649163179916e+02
 443   1.649163179916e+02    1.653242677824e+02
 444   1.653242677824e+02    1.657322175732e+02
 445   1.657322175732e+02    1.661401673640e+02
 446   1.661401673640e+02    1.665481171548e+02
 447   1.665481171548e+02    1.669560669456e+02
 448   1.669560669456e+02    1.673640167364e+02
 449   1.673640167364e+02    1.677719665272e+02
 450   1.677719665272e+02    1.681799163180e+02
 451   1.681799163180e+02    1.685878661088e+02
 452   1.685878661088e+02    1.689958158996e+02
 453   1.689958158996e+02    1.694037656904e+02
 454   1.694037656904e+02    1.698117154812e+02
 455   1.698117154812e+02    1.702196652720e+02
 456   1.702196652720e+02    1.706276150628e+02
 457   1.706276150628e+02    1.710355648536e+02
 458   1.710355648536e+02    1.714435146444e+02
 459   1.714435146444e+02    1.718514644351e+02
 460   1.718514644351e+02    1.722594142259e+02
 461   1.722594142259e+02    1.726673640167e+02
 462   1.726673640167e+02    1.730753138075e+02
 463   1.730753138075e+02    1.734832635983e+02
 464   1.734832635983e+02    1.738912133891e+02
 465   1.738912133891e+02    1.742991631799e+02
 466   1.742991631799e+02    1.747071129707e+02
 467   1.747071129707e+02    1.751150627615e+02
 468   1.751150627615e+02    1.755230125523e+02
 469   1.755230125523e+02    1.759309623431e+02
 470   1.759309623431e+02    1.763389121339e+02
 471   1.763389121339e+02    1.767468619247e+02
 472   1.767468619247e+02    1.771548117155e+02
 473   1.771548117155e+02    1.775627615063e+02
 474   1.775627615063e+02    1.779707112971e+02
 475   1.779707112971e+02    1.783786610879e+02
 476   1.783786610879e+02    1.787866108787e+02
 477   1.787866108787e+02    1.791945606695e+02
 478   1.791945606695e+02    1.796025104603e+02
 479   1.796025104603e+02    1.800104602510e+02
 480   1.800104602510e+02    1.804184100418e+02
 481   1.804184100418e+02    1.808263598326e+02
 482   1.808263598326e+02    1.812343096234e+02
 483   1.812343096234e+02    1.816422594142e+02
 484   1.816422594142e+02    1.820502092050e+02
 485   1.820502092050e+02    1.824581589958e+02
 486   1.824581589958e+02    1.828661087866e+02
 487   1.828661087866e+02    1.832740585774e+02
 488   1.832740585774e+02    1.836820083682e+02
 489   1.836820083682e+02    1.840899581590e+02
 490   1.840899581590e+02    1.844979079498e+02
 491   1.844979079498e+02    1.849058577406e+02
 492   1.849058577406e+02    1.853138075314e+02
 493   1.853138075314e+02    1.857217573222e+02
 494   1.857217573222e+02    1.861297071130e+02
 495   1.861297071130e+02    1.865376569038e+02
 496   1.865376569038e+02    1.869456066946e+02
 497   1.869456066946e+02    1.873535564854e+02
 498   1.873535564854e+02    1.877615062762e+02
 499   1.877615062762e+02    1.881694560669e+02
 500   1.881694560669e+02    1.885774058577e+02
 501   1.885774058577e+02    1.889853556485e+02
 502   1.889853556485e+02    1.893933054393e+02
 503   1.893933054393e+02    1.898012552301e+02
 504   1.898012552301e+02    1.902092050209e+02
 505   1.902092050209e+02    1.906171548117e+02
 506   1.906171548117e+02    1.910251046025e+02
 507   1.910251046025e+02    1.914330543933e+02
 508   1.914330543933e+02    1.918410041841e+02
 509   1.918410041841e+02    1.922489539749e+02
 510   1.922489539749e+02    1.926569037657e+02
 511   1.926569037657e+02    1.930648535565e+02
 512   1.930648535565e+02    1.934728033473e+02
 513   1.934728033473e+02    1.938807531381e+02
 514   1.938807531381e+02    1.942887029289e+02
 515   1.942887029289e+02    1.946966527197e+02
 516   1.946966527197e+02    1.951046025105e+02
 517   1.951046025105e+02    1.955125523013e+02
 518   1.955125523013e+02    1.959205020921e+02
 519   1.959205020921e+02    1.963284518828e+02
 520   1.963284518828e+02    1.967364016736e+02
 521   1.967364016736e+02    1.971443514644e+02
 522   1.971443514644e+02    1.975523012552e+02
 523   1.975523012552e+02    1.979602510460e+02
 524   1.979602510460e+02    1.983682008368e+02
 525   1.983682008368e+02    1.987761506276e+02
 526   1.987761506276e+02    1.991841004184e+02
 527   1.991841004184e+02    1.995920502092e+02
 528   1.995920502092e+02    2.000000000000e+02
528 
 1   8.000000000000e-03    1.391968305682e-02
 2   1.391968305682e-02    1.983936611364e-02
 3   1.983936611364e-02    2.575904917045e-02
 4   2.575904917045e-02    3.167873222727e-02
 5   3.167873222727e-02    3.759841528409e-02
 6   3.759841528409e-02    4.351809834091e-02
 7   4.351809834091e-02    4.943778139773e-02
 8   4.943778139773e-02    5.535746445455e-02
 9   5.535746445455e-02    6.127714751136e-02
 10   6.127714751136e-02    6.719683056818e-02
 11   6.719683056818e-02    7.311651362500e-02
 12   7.311651362500e-02    7.903619668182e-02
 13   7.903619668182e-02    8.495587973864e-02
 14   8.495587973864e-02    9.087556279545e-02
 15   9.087556279545e-02    9.679524585227e-02
 16   9.679524585227e-02    1.027149289091e-01
 17   1.027149289091e-01    1.086346119659e-01
 18   1.086346119659e-01    1.145542950227e-01
 19   1.145542950227e-01    1.204739780795e-01
 20   1.204739780795e-01    1.263936611364e-01
 21   1.263936611364e-01    1.323133441932e-01
 22   1.323133441932e-01    1.382330272500e-01
 23   1.382330272500e-01    1.441527103068e-01
 24   1.441527103068e-01    1.500723933636e-01
 25   1.500723933636e-01    1.559920764205e-01
 26   1.559920764205e-01    1.619117594773e-01
 27   1.619117594773e-01    1.678314425341e-01
 28   1.678314425341e-01    1.737511255909e-01
 29   1.737511255909e-01    1.796708086477e-01
 30   1.796708086477e-01    1.855904917045e-01
 31   1.855904917045e-01    1.915101747614e-01
 32   1.915101747614e-01    1.974298578182e-01
 33   1.974298578182e-01    2.033495408750e-01
 34   2.033495408750e-01    2.092692239318e-01
 35   2.092692239318e-01    2.151889069886e-01
 36   2.151889069886e-01    2.211085900455e-01
 37   2.211085900455e-01    2.270282731023e-01
 38   2.270282731023e-01    2.329479561591e-01
 39   2.329479561591e-01    2.388676392159e-01
 40   2.388676392159e-01    2.447873222727e-01
 41   2.447873222727e-01    2.507070053295e-01
 42   2.507070053295e-01    2.566266883864e-01
 43   2.566266883864e-01    2.625463714432e-01
 44   2.625463714432e-01    2.684660545000e-01
 45   2.684660545000e-01    2.743857375568e-01
 46   2.743857375568e-01    2.803054206136e-01
 47   2.803054206136e-01    2.862251036705e-01
 48   2.862251036705e-01    2.921447867273e-01
 49   2.921447867273e-01    2.980644697841e-01
 50   2.980644697841e-01    3.039841528409e-01
 51   3.039841528409e-01    3.099038358977e-01
 52   3.099038358977e-01    3.158235189545e-01
 53   3.158235189545e-01    3.217432020114e-01
 54   3.217432020114e-01    3.276628850682e-01
 55   3.276628850682e-01    3.335825681250e-01
 56   3.335825681250e-01    3.395022511818e-01
 57   3.395022511818e-01    3.454219342386e-01
 58   3.454219342386e-01    3.513416172955e-01
 59   3.513416172955e-01    3.572613003523e-01
 60   3.572613003523e-01    3.631809834091e-01
 61   3.631809834091e-01    3.691006664659e-01
 62   3.691006664659e-01    3.750203495227e-01
 63   3.750203495227e-01    3.809400325795e-01
 64   3.809400325795e-01    3.868597156364e-01
 65   3.868597156364e-01    3.927793986932e-01
 66   3.927793986932e-01    3.986990817500e-01
 67   3.986990817500e-01    4.046187648068e-01
 68   4.046187648068e-01    4.105384478636e-01
 69   4.105384478636e-01    4.164581309205e-01
 70   4.164581309205e-01    4.223778139773e-01
 71   4.223778139773e-01    4.282974970341e-01
 72   4.282974970341e-01    4.342171800909e-01
 73   4.342171800909e-01    4.401368631477e-01
 74   4.401368631477e-01    4.460565462045e-01
 75   4.460565462045e-01    4.519762292614e-01
 76   4.519762292614e-01    4.578959123182e-01
 77   4.578959123182e-01    4.638155953750e-01
 78   4.638155953750e-01    4.697352784318e-01
 79   4.697352784318e-01    4.756549614886e-01
 80   4.756549614886e-01    4.815746445455e-01
 81   4.815746445455e-01    4.874943276023e-01
 82   4.874943276023e-01    4.934140106591e-01
 83   4.934140106591e-01    4.993336937159e-01
 84   4.993336937159e-01    5.052533767727e-01
 85   5.052533767727e-01    5.111730598295e-01
 86   5.111730598295e-01    5.170927428864e-01
 87   5.170927428864e-01    5.230124259432e-01
 88   5.230124259432e-01    5.289321090000e-01
 89   5.289321090000e-01    5.348517920568e-01
 90   5.348517920568e-01    5.407714751136e-01
 91   5.407714751136e-01    5.466911581705e-01
 92   5.466911581705e-01    5.526108412273e-01
 93   5.526108412273e-01    5.585305242841e-01
 94   5.585305242841e-01    5.644502073409e-01
 95   5.644502073409e-01    5.703698903977e-01
 96   5.703698903977e-01    5.762895734545e-01
 97   5.762895734545e-01    5.822092565114e-01
 98   5.822092565114e-01    5.881289395682e-01
 99   5.881289395682e-01    5.940486226250e-01
 100   5.940486226250e-01    5.999683056818e-01
 101   5.999683056818e-01    6.058879887386e-01
 102   6.058879887386e-01    6.118076717955e-01
 103   6.118076717955e-01    6.177273548523e-01
 104   6.177273548523e-01    6.236470379091e-01
 105   6.236470379091e-01    6.295667209659e-01
 106   6.295667209659e-01    6.354864040227e-01
 107   6.354864040227e-01    6.414060870795e-01
 108   6.414060870795e-01    6.473257701364e-01
 109   6.473257701364e-01    6.532454531932e-01
 110   6.532454531932e-01    6.591651362500e-01
 111   6.591651362500e-01    6.650848193068e-01
 112   6.650848193068e-01    6.710045023636e-01
 113   6.710045023636e-01    6.769241854205e-01
 114   6.769241854205e-01    6.828438684773e-01
 115   6.828438684773e-01    6.887635515341e-01
 116   6.887635515341e-01    6.946832345909e-01
 117   6.946832345909e-01    7.006029176477e-01
 118   7.006029176477e-01    7.065226007045e-01
 119   7.065226007045e-01    7.124422837614e-01
 120   7.124422837614e-01    7.183619668182e-01
 121   7.183619668182e-01    7.242816498750e-01
 122   7.242816498750e-01    7.302013329318e-01
 123   7.302013329318e-01    7.361210159886e-01
 124   7.361210159886e-01    7.420406990455e-01
 125   7.420406990455e-01    7.479603821023e-01
 126   7.479603821023e-01    7.538800651591e-01
 127   7.538800651591e-01    7.597997482159e-01
 128   7.597997482159e-01    7.657194312727e-01
 129   7.657194312727e-01    7.716391143295e-01
 130   7.716391143295e-01    7.775587973864e-01
 131   7.775587973864e-01    7.834784804432e-01
 132   7.834784804432e-01    7.893981635000e-01
 133   7.893981635000e-01    7.953178465568e-01
 134   7.953178465568e-01    8.012375296136e-01
 135   8.012375296136e-01    8.071572126705e-01
 136   8.071572126705e-01    8.130768957273e-01
 137   8.130768957273e-01    8.189965787841e-01
 138   8.189965787841e-01    8.249162618409e-01
 139   8.249162618409e-01    8.308359448977e-01
 140   8.308359448977e-01    8.367556279545e-01
 141   8.367556279545e-01    8.426753110114e-01
 142   8.426753110114e-01    8.485949940682e-01
 143   8.485949940682e-01    8.545146771250e-01
 144   8.545146771250e-01    8.604343601818e-01
 145   8.604343601818e-01    8.663540432386e-01
 146   8.663540432386e-01    8.722737262955e-01
 147   8.722737262955e-01    8.781934093523e-01
 148   8.781934093523e-01    8.841130924091e-01
 149   8.841130924091e-01    8.900327754659e-01
 150   8.900327754659e-01    8.959524585227e-01
 151   8.959524585227e-01    9.018721415795e-01
 152   9.018721415795e-01    9.077918246364e-01
 153   9.077918246364e-01    9.137115076932e-01
 154   9.137115076932e-01    9.196311907500e-01
 155   9.196311907500e-01    9.255508738068e-01
 156   9.255508738068e-01    9.314705568636e-01
 157   9.314705568636e-01    9.373902399205e-01
 158   9.373902399205e-01    9.433099229773e-01
 159   9.433099229773e-01    9.492296060341e-01
 160   9.492296060341e-01    9.551492890909e-01
 161   9.551492890909e-01    9.610689721477e-01
 162   9.610689721477e-01    9.669886552045e-01
 163   9.669886552045e-01    9.729083382614e-01
 164   9.729083382614e-01    9.788280213182e-01
 165   9.788280213182e-01    9.847477043750e-01
 166   9.847477043750e-01    9.906673874318e-01
 167   9.906673874318e-01    9.965870704886e-01
 168   9.965870704886e-01    1.002506753545e+00
 169   1.002506753545e+00    1.008426436602e+00
 170   1.008426436602e+00    1.014346119659e+00
 171   1.014346119659e+00    1.020265802716e+00
 172   1.020265802716e+00    1.026185485773e+00
 173   1.026185485773e+00    1.032105168830e+00
 174   1.032105168830e+00    1.038024851886e+00
 175   1.038024851886e+00    1.043944534943e+00
 176   1.043944534943e+00    1.049864218000e+00
 177   1.049864218000e+00    1.055783901057e+00
 178   1.055783901057e+00    1.061703584114e+00
 179   1.061703584114e+00    1.067623267170e+00
 180   1.067623267170e+00    1.073542950227e+00
 181   1.073542950227e+00    1.079462633284e+00
 182   1.079462633284e+00    1.085382316341e+00
 183   1.085382316341e+00    1.091301999398e+00
 184   1.091301999398e+00    1.097221682455e+00
 185   1.097221682455e+00    1.103141365511e+00
 186   1.103141365511e+00    1.109061048568e+00
 187   1.109061048568e+00    1.114980731625e+00
 188   1.114980731625e+00    1.120900414682e+00
 189   1.120900414682e+00    1.126820097739e+00
 190   1.126820097739e+00    1.132739780795e+00
 191   1.132739780795e+00    1.138659463852e+00
 192   1.138659463852e+00    1.144579146909e+00
 193   1.144579146909e+00    1.150498829966e+00
 194   1.150498829966e+00    1.156418513023e+00
 195   1.156418513023e+00    1.162338196080e+00
 196   1.162338196080e+00    1.168257879136e+00
 197   1.168257879136e+00    1.174177562193e+00
 198   1.174177562193e+00    1.180097245250e+00
 199   1.180097245250e+00    1.186016928307e+00
 200   1.186016928307e+00    1.191936611364e+00
 201   1.191936611364e+00    1.197856294420e+00
 202   1.197856294420e+00    1.203775977477e+00
 203   1.203775977477e+00    1.209695660534e+00
 204   1.209695660534e+00    1.215615343591e+00
 205   1.215615343591e+00    1.221535026648e+00
 206   1.221535026648e+00    1.227454709705e+00
 207   1.227454709705e+00    1.233374392761e+00
 208   1.233374392761e+00    1.239294075818e+00
 209   1.239294075818e+00    1.245213758875e+00
 210   1.245213758875e+00    1.251133441932e+00
 211   1.251133441932e+00    1.257053124989e+00
 212   1.257053124989e+00    1.262972808045e+00
 213   1.262972808045e+00    1.268892491102e+00
 214   1.268892491102e+00    1.274812174159e+00
 215   1.274812174159e+00    1.280731857216e+00
 216   1.280731857216e+00    1.286651540273e+00
 217   1.286651540273e+00    1.292571223330e+00
 218   1.292571223330e+00    1.298490906386e+00
 219   1.298490906386e+00    1.304410589443e+00
 220   1.304410589443e+00    1.310330272500e+00
 221   1.310330272500e+00    1.316249955557e+00
 222   1.316249955557e+00    1.322169638614e+00
 223   1.322169638614e+00    1.328089321670e+00
 224   1.328089321670e+00    1.334009004727e+00
 225   1.334009004727e+00    1.339928687784e+00
 226   1.339928687784e+00    1.345848370841e+00
 227   1.345848370841e+00    1.351768053898e+00
 228   1.351768053898e+00    1.357687736955e+00
 229   1.357687736955e+00    1.363607420011e+00
 230   1.363607420011e+00    1.369527103068e+00
 231   1.369527103068e+00    1.375446786125e+00
 232   1.375446786125e+00    1.381366469182e+00
 233   1.381366469182e+00    1.387286152239e+00
 234   1.387286152239e+00    1.393205835295e+00
 235   1.393205835295e+00    1.399125518352e+00
 236   1.399125518352e+00    1.405045201409e+00
 237   1.405045201409e+00    1.410964884466e+00
 238   1.410964884466e+00    1.416884567523e+00
 239   1.416884567523e+00    1.422804250580e+00
 240   1.422804250580e+00    1.428723933636e+00
 241   1.428723933636e+00    1.434643616693e+00
 242   1.434643616693e+00    1.440563299750e+00
 243   1.440563299750e+00    1.446482982807e+00
 244   1.446482982807e+00    1.452402665864e+00
 245   1.452402665864e+00    1.458322348920e+00
 246   1.458322348920e+00    1.464242031977e+00
 247   1.464242031977e+00    1.470161715034e+00
 248   1.470161715034e+00    1.476081398091e+00
 249   1.476081398091e+00    1.482001081148e+00
 250   1.482001081148e+00    1.487920764205e+00
 251   1.487920764205e+00    1.493840447261e+00
 252   1.493840447261e+00    1.499760130318e+00
 253   1.499760130318e+00    1.505679813375e+00
 254   1.505679813375e+00    1.511599496432e+00
 255   1.511599496432e+00    1.517519179489e+00
 256   1.517519179489e+00    1.523438862545e+00
 257   1.523438862545e+00    1.529358545602e+00
 258   1.529358545602e+00    1.535278228659e+00
 259   1.535278228659e+00    1.541197911716e+00
 260   1.541197911716e+00    1.547117594773e+00
 261   1.547117594773e+00    1.553037277830e+00
 262   1.553037277830e+00    1.558956960886e+00
 263   1.558956960886e+00    1.564876643943e+00
 264   1.564876643943e+00    1.570796327000e+00
 265   1.570796327000e+00    1.576716010057e+00
 266   1.576716010057e+00    1.582635693114e+00
 267   1.582635693114e+00    1.588555376170e+00
 268   1.588555376170e+00    1.594475059227e+00
 269   1.594475059227e+00    1.600394742284e+00
 270   1.600394742284e+00    1.606314425341e+00
 271   1.606314425341e+00    1.612234108398e+00
 272   1.612234108398e+00    1.618153791455e+00
 273   1.618153791455e+00    1.624073474511e+00
 274   1.624073474511e+00    1.629993157568e+00
 275   1.629993157568e+00    1.635912840625e+00
 276   1.635912840625e+00    1.641832523682e+00
 277   1.641832523682e+00    1.647752206739e+00
 278   1.647752206739e+00    1.653671889795e+00
 279   1.653671889795e+00    1.659591572852e+00
 280   1.659591572852e+00    1.665511255909e+00
 281   1.665511255909e+00    1.671430938966e+00
 282   1.671430938966e+00    1.677350622023e+00
 283   1.677350622023e+00    1.683270305080e+00
 284   1.683270305080e+00    1.689189988136e+00
 285   1.689189988136e+00    1.695109671193e+00
 286   1.695109671193e+00    1.701029354250e+00
 287   1.701029354250e+00    1.706949037307e+00
 288   1.706949037307e+00    1.712868720364e+00
 289   1.712868720364e+00    1.718788403420e+00
 290   1.718788403420e+00    1.724708086477e+00
 291   1.724708086477e+00    1.730627769534e+00
 292   1.730627769534e+00    1.736547452591e+00
 293   1.736547452591e+00    1.742467135648e+00
 294   1.742467135648e+00    1.748386818705e+00
 295   1.748386818705e+00    1.754306501761e+00
 296   1.754306501761e+00    1.760226184818e+00
 297   1.760226184818e+00    1.766145867875e+00
 298   1.766145867875e+00    1.772065550932e+00
 299   1.772065550932e+00    1.777985233989e+00
 300   1.777985233989e+00    1.783904917045e+00
 301   1.783904917045e+00    1.789824600102e+00
 302   1.789824600102e+00    1.795744283159e+00
 303   1.795744283159e+00    1.801663966216e+00
 304   1.801663966216e+00    1.807583649273e+00
 305   1.807583649273e+00    1.813503332330e+00
 306   1.813503332330e+00    1.819423015386e+00
 307   1.819423015386e+00    1.825342698443e+00
 308   1.825342698443e+00    1.831262381500e+00
 309   1.831262381500e+00    1.837182064557e+00
 310   1.837182064557e+00    1.843101747614e+00
 311   1.843101747614e+00    1.849021430670e+00
 312   1.849021430670e+00    1.854941113727e+00
 313   1.854941113727e+00    1.860860796784e+00
 314   1.860860796784e+00    1.866780479841e+00
 315   1.866780479841e+00    1.872700162898e+00
 316   1.872700162898e+00    1.878619845955e+00
 317   1.878619845955e+00    1.884539529011e+00
 318   1.884539529011e+00    1.890459212068e+00
 319   1.890459212068e+00    1.896378895125e+00
 320   1.896378895125e+00    1.902298578182e+00
 321   1.902298578182e+00    1.908218261239e+00
 322   1.908218261239e+00    1.914137944295e+00
 323   1.914137944295e+00    1.920057627352e+00
 324   1.920057627352e+00    1.925977310409e+00
 325   1.925977310409e+00    1.931896993466e+00
 326   1.931896993466e+00    1.937816676523e+00
 327   1.937816676523e+00    1.943736359580e+00
 328   1.943736359580e+00    1.949656042636e+00
 329   1.949656042636e+00    1.955575725693e+00
 330   1.955575725693e+00    1.961495408750e+00
 331   1.961495408750e+00    1.967415091807e+00
 332   1.967415091807e+00    1.973334774864e+00
 333   1.973334774864e+00    1.979254457920e+00
 334   1.979254457920e+00    1.985174140977e+00
 335   1.985174140977e+00    1.991093824034e+00
 336   1.991093824034e+00    1.997013507091e+00
 337   1.997013507091e+00    2.002933190148e+00
 338   2.002933190148e+00    2.008852873205e+00
 339   2.008852873205e+00    2.014772556261e+00
 340   2.014772556261e+00    2.020692239318e+00
 341   2.020692239318e+00    2.026611922375e+00
 342   2.026611922375e+00    2.032531605432e+00
 343   2.032531605432e+00    2.038451288489e+00
 344   2.038451288489e+00    2.044370971545e+00
 345   2.044370971545e+00    2.050290654602e+00
 346   2.050290654602e+00    2.056210337659e+00
 347   2.056210337659e+00    2.062130020716e+00
 348   2.062130020716e+00    2.068049703773e+00
 349   2.068049703773e+00    2.073969386830e+00
 350   2.073969386830e+00    2.079889069886e+00
 351   2.079889069886e+00    2.085808752943e+00
 352   2.085808752943e+00    2.091728436000e+00
 353   2.091728436000e+00    2.097648119057e+00
 354   2.097648119057e+00    2.103567802114e+00
 355   2.103567802114e+00    2.109487485170e+00
 356   2.109487485170e+00    2.115407168227e+00
 357   2.115407168227e+00    2.121326851284e+00
 358   2.121326851284e+00    2.127246534341e+00
 359   2.127246534341e+00    2.133166217398e+00
 360   2.133166217398e+00    2.139085900455e+00
 361   2.139085900455e+00    2.145005583511e+00
 362   2.145005583511e+00    2.150925266568e+00
 363   2.150925266568e+00    2.156844949625e+00
 364   2.156844949625e+00    2.162764632682e+00
 365   2.162764632682e+00    2.168684315739e+00
 366   2.168684315739e+00    2.174603998795e+00
 367   2.174603998795e+00    2.180523681852e+00
 368   2.180523681852e+00    2.186443364909e+00
 369   2.186443364909e+00    2.192363047966e+00
 370   2.192363047966e+00    2.198282731023e+00
 371   2.198282731023e+00    2.204202414080e+00
 372   2.204202414080e+00    2.210122097136e+00
 373   2.210122097136e+00    2.216041780193e+00
 374   2.216041780193e+00    2.221961463250e+00
 375   2.221961463250e+00    2.227881146307e+00
 376   2.227881146307e+00    2.233800829364e+00
 377   2.233800829364e+00    2.239720512420e+00
 378   2.239720512420e+00    2.245640195477e+00
 379   2.245640195477e+00    2.251559878534e+00
 380   2.251559878534e+00    2.257479561591e+00
 381   2.257479561591e+00    2.263399244648e+00
 382   2.263399244648e+00    2.269318927705e+00
 383   2.269318927705e+00    2.275238610761e+00
 384   2.275238610761e+00    2.281158293818e+00
 385   2.281158293818e+00    2.287077976875e+00
 386   2.287077976875e+00    2.292997659932e+00
 387   2.292997659932e+00    2.298917342989e+00
 388   2.298917342989e+00    2.304837026045e+00
 389   2.304837026045e+00    2.310756709102e+00
 390   2.310756709102e+00    2.316676392159e+00
 391   2.316676392159e+00    2.322596075216e+00
 392   2.322596075216e+00    2.328515758273e+00
 393   2.328515758273e+00    2.334435441330e+00
 394   2.334435441330e+00    2.340355124386e+00
 395   2.340355124386e+00    2.346274807443e+00
 396   2.346274807443e+00    2.352194490500e+00
 397   2.352194490500e+00    2.358114173557e+00
 398   2.358114173557e+00    2.364033856614e+00
 399   2.364033856614e+00    2.369953539670e+00
 400   2.369953539670e+00    2.375873222727e+00
 401   2.375873222727e+00    2.381792905784e+00
 402   2.381792905784e+00    2.387712588841e+00
 403   2.387712588841e+00    2.393632271898e+00
 404   2.393632271898e+00    2.399551954955e+00
 405   2.399551954955e+00    2.405471638011e+00
 406   2.405471638011e+00    2.411391321068e+00
 407   2.411391321068e+00    2.417311004125e+00
 408   2.417311004125e+00    2.423230687182e+00
 409   2.423230687182e+00    2.429150370239e+00
 410   2.429150370239e+00    2.435070053295e+00
 411   2.435070053295e+00    2.440989736352e+00
 412   2.440989736352e+00    2.446909419409e+00
 413   2.446909419409e+00    2.452829102466e+00
 414   2.452829102466e+00    2.458748785523e+00
 415   2.458748785523e+00    2.464668468580e+00
 416   2.464668468580e+00    2.470588151636e+00
 417   2.470588151636e+00    2.476507834693e+00
 418   2.476507834693e+00    2.482427517750e+00
 419   2.482427517750e+00    2.488347200807e+00
 420   2.488347200807e+00    2.494266883864e+00
 421   2.494266883864e+00    2.500186566920e+00
 422   2.500186566920e+00    2.506106249977e+00
 423   2.506106249977e+00    2.512025933034e+00
 424   2.512025933034e+00    2.517945616091e+00
 425   2.517945616091e+00    2.523865299148e+00
 426   2.523865299148e+00    2.529784982205e+00
 427   2.529784982205e+00    2.535704665261e+00
 428   2.535704665261e+00    2.541624348318e+00
 429   2.541624348318e+00    2.547544031375e+00
 430   2.547544031375e+00    2.553463714432e+00
 431   2.553463714432e+00    2.559383397489e+00
 432   2.559383397489e+00    2.565303080545e+00
 433   2.565303080545e+00    2.571222763602e+00
 434   2.571222763602e+00    2.577142446659e+00
 435   2.577142446659e+00    2.583062129716e+00
 436   2.583062129716e+00    2.588981812773e+00
 437   2.588981812773e+00    2.594901495830e+00
 438   2.594901495830e+00    2.600821178886e+00
 439   2.600821178886e+00    2.606740861943e+00
 440   2.606740861943e+00    2.612660545000e+00
 441   2.612660545000e+00    2.618580228057e+00
 442   2.618580228057e+00    2.624499911114e+00
 443   2.624499911114e+00    2.630419594170e+00
 444   2.630419594170e+00    2.636339277227e+00
 445   2.636339277227e+00    2.642258960284e+00
 446   2.642258960284e+00    2.648178643341e+00
 447   2.648178643341e+00    2.654098326398e+00
 448   2.654098326398e+00    2.660018009455e+00
 449   2.660018009455e+00    2.665937692511e+00
 450   2.665937692511e+00    2.671857375568e+00
 451   2.671857375568e+00    2.677777058625e+00
 452   2.677777058625e+00    2.683696741682e+00
 453   2.683696741682e+00    2.689616424739e+00
 454   2.689616424739e+00    2.695536107795e+00
 455   2.695536107795e+00    2.701455790852e+00
 456   2.701455790852e+00    2.707375473909e+00
 457   2.707375473909e+00    2.713295156966e+00
 458   2.713295156966e+00    2.719214840023e+00
 459   2.719214840023e+00    2.725134523080e+00
 460   2.725134523080e+00    2.731054206136e+00
 461   2.731054206136e+00    2.736973889193e+00
 462   2.736973889193e+00    2.742893572250e+00
 463   2.742893572250e+00    2.748813255307e+00
 464   2.748813255307e+00    2.754732938364e+00
 465   2.754732938364e+00    2.760652621420e+00
 466   2.760652621420e+00    2.766572304477e+00
 467   2.766572304477e+00    2.772491987534e+00
 468   2.772491987534e+00    2.778411670591e+00
 469   2.778411670591e+00    2.784331353648e+00
 470   2.784331353648e+00    2.790251036705e+00
 471   2.790251036705e+00    2.796170719761e+00
 472   2.796170719761e+00    2.802090402818e+00
 473   2.802090402818e+00    2.808010085875e+00
 474   2.808010085875e+00    2.813929768932e+00
 475   2.813929768932e+00    2.819849451989e+00
 476   2.819849451989e+00    2.825769135045e+00
 477   2.825769135045e+00    2.831688818102e+00
 478   2.831688818102e+00    2.837608501159e+00
 479   2.837608501159e+00    2.843528184216e+00
 480   2.843528184216e+00    2.849447867273e+00
 481   2.849447867273e+00    2.855367550330e+00
 482   2.855367550330e+00    2.861287233386e+00
 483   2.861287233386e+00    2.867206916443e+00
 484   2.867206916443e+00    2.873126599500e+00
 485   2.873126599500e+00    2.879046282557e+00
 486   2.879046282557e+00    2.884965965614e+00
 487   2.884965965614e+00    2.890885648670e+00
 488   2.890885648670e+00    2.896805331727e+00
 489   2.896805331727e+00    2.902725014784e+00
 490   2.902725014784e+00    2.908644697841e+00
 491   2.908644697841e+00    2.914564380898e+00
 492   2.914564380898e+00    2.920484063955e+00
 493   2.920484063955e+00    2.926403747011e+00
 494   2.926403747011e+00    2.932323430068e+00
 495   2.932323430068e+00    2.938243113125e+00
 496   2.938243113125e+00    2.944162796182e+00
 497   2.944162796182e+00    2.950082479239e+00
 498   2.950082479239e+00    2.956002162295e+00
 499   2.956002162295e+00    2.961921845352e+00
 500   2.961921845352e+00    2.967841528409e+00
 501   2.967841528409e+00    2.973761211466e+00
 502   2.973761211466e+00    2.979680894523e+00
 503   2.979680894523e+00    2.985600577580e+00
 504   2.985600577580e+00    2.991520260636e+00
 505   2.991520260636e+00    2.997439943693e+00
 506   2.997439943693e+00    3.003359626750e+00
 507   3.003359626750e+00    3.009279309807e+00
 508   3.009279309807e+00    3.015198992864e+00
 509   3.015198992864e+00    3.021118675920e+00
 510   3.021118675920e+00    3.027038358977e+00
 511   3.027038358977e+00    3.032958042034e+00
 512   3.032958042034e+00    3.038877725091e+00
 513   3.038877725091e+00    3.044797408148e+00
 514   3.044797408148e+00    3.050717091205e+00
 515   3.050717091205e+00    3.056636774261e+00
 516   3.056636774261e+00    3.062556457318e+00
 517   3.062556457318e+00    3.068476140375e+00
 518   3.068476140375e+00    3.074395823432e+00
 519   3.074395823432e+00    3.080315506489e+00
 520   3.080315506489e+00    3.086235189545e+00
 521   3.086235189545e+00    3.092154872602e+00
 522   3.092154872602e+00    3.098074555659e+00
 523   3.098074555659e+00    3.103994238716e+00
 524   3.103994238716e+00    3.109913921773e+00
 525   3.109913921773e+00    3.115833604830e+00
 526   3.115833604830e+00    3.121753287886e+00
 527   3.121753287886e+00    3.127672970943e+00
 528   3.127672970943e+00    3.133592654000e+00
1 
 1   0.000000000000e+00    6.283185307000e+00
